|---------------------------------------------------|
|Run	|k		|Value	|Best value|Average			|
|---------------------------------------------------|
|1		|100	|128947	|128947		|128947			|
|2		|100	|129010	|129010		|128978			|
|3		|100	|128842	|129010		|128933			|
|4		|100	|128734	|129010		|128883			|
|5		|100	|128946	|129010		|128895			|
|6		|100	|124021	|129010		|128083			|
|7		|100	|129063	|129063		|128223			|
|8		|100	|118558	|129063		|127015			|
|9		|100	|128254	|129063		|127152			|
|10		|100	|128837	|129063		|127321			|
----------------------------------------------------
|10		|100	|		|129063		|127321			|
----------------------------------------------------
|1		|1000	|129099	|129099		|129099			|
|2		|1000	|129243	|129243		|129171			|
|3		|1000	|129295	|129295		|129212			|
|4		|1000	|129135	|129295		|129193			|
|5		|1000	|128811	|129295		|129116			|
|6		|1000	|128916	|129295		|129083			|
|7		|1000	|129323	|129323		|129117			|
|8		|1000	|129331	|129331		|129144			|
|9		|1000	|129136	|129331		|129143			|
|10		|1000	|129127	|129331		|129141			|
----------------------------------------------------
|10		|1000	|		|129331		|129141			|
----------------------------------------------------
