|---------------------------------------------------|
|Run	|k		|Value	|Best value|Average			|
|---------------------------------------------------|
|1		|100	|499	|499		|499			|
|2		|100	|559	|559		|529			|
|3		|100	|464	|559		|507			|
|4		|100	|419	|559		|485			|
|5		|100	|614	|614		|511			|
|6		|100	|553	|614		|518			|
|7		|100	|573	|614		|525			|
|8		|100	|554	|614		|529			|
|9		|100	|570	|614		|533			|
|10		|100	|522	|614		|532			|
----------------------------------------------------
|10		|100	|		|614		|532			|
----------------------------------------------------
|1		|1000	|592	|592		|592			|
|2		|1000	|445	|592		|518			|
|3		|1000	|632	|632		|556			|
|4		|1000	|513	|632		|545			|
|5		|1000	|562	|632		|548			|
|6		|1000	|509	|632		|542			|
|7		|1000	|562	|632		|545			|
|8		|1000	|483	|632		|537			|
|9		|1000	|548	|632		|538			|
|10		|1000	|579	|632		|542			|
----------------------------------------------------
|10		|1000	|		|632		|542			|
----------------------------------------------------
